mode: set
github.com/DCRcoder/request/request.go:48.28,53.2 1 1
github.com/DCRcoder/request/request.go:56.36,58.2 1 1
github.com/DCRcoder/request/request.go:61.50,62.43 1 1
github.com/DCRcoder/request/request.go:65.2,66.16 2 1
github.com/DCRcoder/request/request.go:69.2,69.12 1 1
github.com/DCRcoder/request/request.go:62.43,64.3 1 0
github.com/DCRcoder/request/request.go:66.16,68.3 1 0
github.com/DCRcoder/request/request.go:73.50,75.2 1 0
github.com/DCRcoder/request/request.go:78.60,80.2 1 1
github.com/DCRcoder/request/request.go:83.48,84.21 1 1
github.com/DCRcoder/request/request.go:87.2,87.23 1 1
github.com/DCRcoder/request/request.go:84.21,86.3 1 0
github.com/DCRcoder/request/request.go:91.50,92.21 1 1
github.com/DCRcoder/request/request.go:95.2,95.37 1 1
github.com/DCRcoder/request/request.go:92.21,94.3 1 1
github.com/DCRcoder/request/request.go:98.119,100.16 2 1
github.com/DCRcoder/request/request.go:103.2,104.16 2 1
github.com/DCRcoder/request/request.go:107.2,107.29 1 1
github.com/DCRcoder/request/request.go:110.2,110.29 1 1
github.com/DCRcoder/request/request.go:113.2,113.17 1 1
github.com/DCRcoder/request/request.go:100.16,102.3 1 0
github.com/DCRcoder/request/request.go:104.16,106.3 1 0
github.com/DCRcoder/request/request.go:107.29,109.3 1 1
github.com/DCRcoder/request/request.go:110.29,112.3 1 1
github.com/DCRcoder/request/request.go:117.27,120.2 2 1
github.com/DCRcoder/request/request.go:122.68,125.27 2 1
github.com/DCRcoder/request/request.go:128.2,128.31 1 1
github.com/DCRcoder/request/request.go:131.2,132.16 2 1
github.com/DCRcoder/request/request.go:135.2,141.8 2 1
github.com/DCRcoder/request/request.go:125.27,127.3 1 0
github.com/DCRcoder/request/request.go:128.31,130.3 1 1
github.com/DCRcoder/request/request.go:132.16,134.3 1 0
github.com/DCRcoder/request/request.go:145.84,147.2 1 1
github.com/DCRcoder/request/request.go:149.96,150.19 1 1
github.com/DCRcoder/request/request.go:168.2,168.19 1 1
github.com/DCRcoder/request/request.go:186.2,187.16 2 1
github.com/DCRcoder/request/request.go:190.2,191.16 2 1
github.com/DCRcoder/request/request.go:194.2,195.26 2 1
github.com/DCRcoder/request/request.go:150.19,152.17 2 1
github.com/DCRcoder/request/request.go:155.3,156.17 2 1
github.com/DCRcoder/request/request.go:159.3,162.17 4 1
github.com/DCRcoder/request/request.go:165.3,166.27 2 1
github.com/DCRcoder/request/request.go:152.17,154.4 1 0
github.com/DCRcoder/request/request.go:156.17,158.4 1 0
github.com/DCRcoder/request/request.go:162.17,164.4 1 0
github.com/DCRcoder/request/request.go:168.19,170.28 2 1
github.com/DCRcoder/request/request.go:173.3,174.17 2 1
github.com/DCRcoder/request/request.go:177.3,180.17 4 1
github.com/DCRcoder/request/request.go:183.3,184.27 2 1
github.com/DCRcoder/request/request.go:170.28,172.4 1 1
github.com/DCRcoder/request/request.go:174.17,176.4 1 0
github.com/DCRcoder/request/request.go:180.17,182.4 1 0
github.com/DCRcoder/request/request.go:187.16,189.3 1 0
github.com/DCRcoder/request/request.go:191.16,193.3 1 0
github.com/DCRcoder/request/request.go:199.85,201.2 1 1
github.com/DCRcoder/request/request.go:204.84,206.2 1 1
github.com/DCRcoder/request/request.go:209.87,211.2 1 1
github.com/DCRcoder/request/request.go:214.86,216.2 1 1
github.com/DCRcoder/request/request.go:219.88,221.2 1 0
github.com/DCRcoder/request/request.go:224.85,226.2 1 0
github.com/DCRcoder/request/request.go:229.88,231.2 1 0
github.com/DCRcoder/request/request.go:234.86,236.2 1 0
github.com/DCRcoder/request/request.go:239.71,242.2 2 0
github.com/DCRcoder/request/request.go:245.74,248.2 2 0
github.com/DCRcoder/request/request.go:251.98,255.2 3 0
github.com/DCRcoder/request/request.go:258.97,262.2 3 0
github.com/DCRcoder/request/request.go:265.99,269.2 3 0
github.com/DCRcoder/request/utils.go:152.78,154.16 2 1
github.com/DCRcoder/request/utils.go:157.2,158.27 2 1
github.com/DCRcoder/request/utils.go:161.2,162.31 2 1
github.com/DCRcoder/request/utils.go:154.16,156.3 1 0
github.com/DCRcoder/request/utils.go:158.27,160.3 1 1
